build 7/app/outputs/mapping/release/seeds.txt
com.google.android.recaptcha.internal.zzch: zzch()
com.google.common.collect.ReverseNaturalOrdering: java.lang.Object readResolve()
androidx.core.app.ActivityCompat$Api23Impl: void requestPermissions(android.app.Activity,java.lang.String[],int)
androidx.appcompat.view.ContextThemeWrapper$Api17Impl: android.content.Context createConfigurationContext(androidx.appcompat.view.ContextThemeWrapper,android.content.res.Configuration)
com.google.android.recaptcha.internal.zzcr: void acx(int[])
com.google.android.recaptcha.internal.zzik: java.lang.String zzs()
androidx.window.layout.HardwareFoldingFeature: androidx.window.layout.FoldingFeature$State getState()
com.google.android.recaptcha.internal.zzdq: boolean remove(java.lang.Object)
com.pichillilorenzo.flutter_inappwebview.types.CustomTabsActionButton: int hashCode()
com.pichillilorenzo.flutter_inappwebview.types.InAppWebViewInterface: void getZoomScale(android.webkit.ValueCallback)
com.google.android.recaptcha.internal.zzax: kotlin.coroutines.Continuation create(java.lang.Object,kotlin.coroutines.Continuation)
io.flutter.embedding.engine.FlutterJNI: void setLocalizationPlugin(io.flutter.plugin.localization.LocalizationPlugin)
com.google.android.recaptcha.internal.zzfg: float zzb()
com.pichillilorenzo.flutter_inappwebview.chrome_custom_tabs.ServiceConnectionCallback: void onServiceDisconnected()
androidx.media2.common.MediaMetadata$BitmapEntry: MediaMetadata$BitmapEntry()
androidx.browser.customtabs.CustomTabsCallback: void onPostMessage(java.lang.String,android.os.Bundle)
com.google.android.play.core.integrity.k: com.google.android.play.core.integrity.j b()
com.pichillilorenzo.flutter_inappwebview.in_app_webview.InAppWebView: void injectDeferredObject(java.lang.String,com.pichillilorenzo.flutter_inappwebview.types.ContentWorld,java.lang.String,android.webkit.ValueCallback)
com.pichillilorenzo.flutter_inappwebview.JavaScriptBridgeInterface$2$1: JavaScriptBridgeInterface$2$1(com.pichillilorenzo.flutter_inappwebview.JavaScriptBridgeInterface$2)
io.flutter.view.AccessibilityViewEmbedder: void setFlutterNodesTranslateBounds(android.view.accessibility.AccessibilityNodeInfo,android.graphics.Rect,android.view.accessibility.AccessibilityNodeInfo)
com.google.android.recaptcha.internal.zzjq: boolean zzd(byte)
com.pichillilorenzo.flutter_inappwebview.in_app_webview.InAppWebView$16: InAppWebView$16(com.pichillilorenzo.flutter_inappwebview.in_app_webview.InAppWebView)
com.google.android.recaptcha.internal.zzml: com.google.android.recaptcha.internal.zzml zzu(long)
com.google.android.gms.tasks.zzh: void zzd(com.google.android.gms.tasks.Task)
com.google.android.recaptcha.internal.zzii: java.lang.Object remove(int)
com.pichillilorenzo.flutter_inappwebview.in_app_webview.InAppWebViewChromeClient$3: InAppWebViewChromeClient$3(com.pichillilorenzo.flutter_inappwebview.in_app_webview.InAppWebViewChromeClient,android.webkit.JsResult)
io.flutter.embedding.android.DrawableSplashScreen$DrawableSplashScreenView: void setSplashDrawable(android.graphics.drawable.Drawable)
androidx.window.core.Bounds: Bounds(android.graphics.Rect)
com.google.android.recaptcha.internal.zzga: void zzh(com.google.android.recaptcha.internal.zzez,java.lang.Object,com.google.android.recaptcha.internal.zzfz,com.google.android.recaptcha.internal.zzge)
com.google.android.recaptcha.internal.zzag: zzag()
com.pichillilorenzo.flutter_inappwebview.types.InAppWebViewInterface: void printCurrentPage()
androidx.lifecycle.EmptyActivityLifecycleCallbacks: void onActivityStopped(android.app.Activity)
com.pichillilorenzo.flutter_inappwebview.in_app_webview.InAppWebViewOptions: java.util.Map getRealOptions(com.pichillilorenzo.flutter_inappwebview.types.InAppWebViewInterface)
kotlin.jvm.internal.CallableReference: kotlin.reflect.KCallable getReflected()
com.google.android.recaptcha.internal.zzez: com.google.android.recaptcha.internal.zzez zzg(int,int)
com.google.android.gms.tasks.zzb: void zza()